<?xml version="1.0" encoding="UTF-8"?>
<testsuite xmlns:xsi="http://www.w3.org/2001/XMLSchema-instance" xsi:noNamespaceSchemaLocation="https://maven.apache.org/surefire/maven-surefire-plugin/xsd/surefire-test-report-3.0.xsd" version="3.0" name="memstore.table.PredicatedColumnSumTest" time="0.003" tests="3" errors="0" skipped="0" failures="0">
  <properties>
[...]
</properties>
  <testcase name="testIndexedTable" classname="memstore.table.PredicatedColumnSumTest" time="0.003"/>
  <testcase name="testColumnTable" classname="memstore.table.PredicatedColumnSumTest" time="0.001"/>
  <testcase name="testRowTable" classname="memstore.table.PredicatedColumnSumTest" time="0.001"/>
</testsuite>